
Showing logs for build [32mdigitalorigin-go-demo-6-master-5ldk5-2[0m stage [32mfrom-build-pack[0m and container [32mstep-credential-initializer-svksf[0m
{"level":"warn","ts":1585158598.8747327,"logger":"fallback-logger","caller":"logging/config.go:69","msg":"Fetch GitHub commit ID from kodata failed: \"ref: refs/heads/0.8.0-**-support-backwards-incompats\" is not a valid GitHub commit ID"}
{"level":"info","ts":1585158598.8751967,"logger":"fallback-logger","caller":"creds-init/main.go:40","msg":"Credentials initialized."}

Showing logs for build [32mdigitalorigin-go-demo-6-master-5ldk5-2[0m stage [32mfrom-build-pack[0m and container [32mstep-working-dir-initializer-wwhzd[0m
{"level":"warn","ts":1585158599.9048991,"logger":"fallback-logger","caller":"logging/config.go:69","msg":"Fetch GitHub commit ID from kodata failed: open /var/run/ko/HEAD: no such file or directory"}
{"level":"info","ts":1585158599.9098256,"logger":"fallback-logger","caller":"bash/main.go:64","msg":"Successfully executed command \"sh -c mkdir -p /workspace/source\"; output "}

Showing logs for build [32mdigitalorigin-go-demo-6-master-5ldk5-2[0m stage [32mfrom-build-pack[0m and container [32mstep-place-tools[0m

Showing logs for build [32mdigitalorigin-go-demo-6-master-5ldk5-2[0m stage [32mfrom-build-pack[0m and container [32mstep-git-source-digitalorigin-go-demo-6-master-5ldk5-qpwk7[0m
{"level":"warn","ts":1585158607.0389655,"logger":"fallback-logger","caller":"logging/config.go:69","msg":"Fetch GitHub commit ID from kodata failed: \"ref: refs/heads/0.8.0-**-support-backwards-incompats\" is not a valid GitHub commit ID"}
{"level":"info","ts":1585158608.7867522,"logger":"fallback-logger","caller":"git/git.go:103","msg":"Successfully cloned https://github.com/digitalorigin/go-demo-6.git @ v2.0.3 in path /workspace/source"}

Showing logs for build [32mdigitalorigin-go-demo-6-master-5ldk5-2[0m stage [32mfrom-build-pack[0m and container [32mstep-git-merge[0m
Using SHAs from PULL_REFS=master:1e8d7164ddb29c87cb3996475477c195d1aee3b2
WARNING: no SHAs to merge, falling back to initial cloned commit

Showing logs for build [32mdigitalorigin-go-demo-6-master-5ldk5-2[0m stage [32mfrom-build-pack[0m and container [32mstep-setup-jx-git-credentials[0m
Generated Git credentials file /workspace/xdg_config/git/credentials

Showing logs for build [32mdigitalorigin-go-demo-6-master-5ldk5-2[0m stage [32mfrom-build-pack[0m and container [32mstep-build-make-build[0m
go: finding github.com/prometheus/client_golang v0.9.2
go: finding github.com/matttproud/golang_protobuf_extensions v1.0.1
go: finding github.com/stretchr/testify v1.2.2
go: finding github.com/stretchr/ob** v0.1.1
go: finding github.com/pmezard/go-difflib v1.0.0
go: finding github.com/prometheus/client_model v0.0.0-20180712105110-5c3871d89910
go: finding github.com/golang/protobuf v1.2.0
go: finding github.com/davecgh/go-spew v1.1.1
go: finding github.com/beorn7/perks v0.0.0-20180321164747-3a771d992973
go: finding gopkg.in/mgo.v2 v2.0.0-20180705113604-9856a29383ce
go: finding github.com/prometheus/common v0.0.0-20181126121408-4724e9255275
go: finding github.com/prometheus/procfs v0.0.0-20181204211112-1dc9a6cbc91a
go: finding golang.org/x/sync v0.0.0-20181108010431-42b317875d0f
go: finding golang.org/x/net v0.0.0-20181201002055-351d144fa1fc
go: downloading github.com/prometheus/client_golang v0.9.2
go: downloading gopkg.in/mgo.v2 v2.0.0-20180705113604-9856a29383ce
go: extracting github.com/prometheus/client_golang v0.9.2
go: downloading github.com/prometheus/common v0.0.0-20181126121408-4724e9255275
go: downloading github.com/prometheus/client_model v0.0.0-20180712105110-5c3871d89910
go: downloading github.com/prometheus/procfs v0.0.0-20181204211112-1dc9a6cbc91a
go: downloading github.com/golang/protobuf v1.2.0
go: downloading github.com/beorn7/perks v0.0.0-20180321164747-3a771d992973
go: extracting github.com/beorn7/perks v0.0.0-20180321164747-3a771d992973
go: extracting github.com/prometheus/client_model v0.0.0-20180712105110-5c3871d89910
go: extracting github.com/prometheus/common v0.0.0-20181126121408-4724e9255275
go: extracting github.com/prometheus/procfs v0.0.0-20181204211112-1dc9a6cbc91a
go: downloading github.com/matttproud/golang_protobuf_extensions v1.0.1
go: extracting gopkg.in/mgo.v2 v2.0.0-20180705113604-9856a29383ce
go: extracting github.com/matttproud/golang_protobuf_extensions v1.0.1
go: extracting github.com/golang/protobuf v1.2.0
CGO_ENABLED=0 GO15VENDOREXPERIMENT=1 go build -ldflags '' -o bin/go-demo-6 main.go

Showing logs for build [32mdigitalorigin-go-demo-6-master-5ldk5-2[0m stage [32mfrom-build-pack[0m and container [32mstep-build-container-build[0m
[36mINFO[0m[0000] No base image, nothing to extract            
[36mINFO[0m[0000] cmd: EXPOSE                                  
[36mINFO[0m[0000] Adding exposed port: 8080/tcp                
[36mINFO[0m[0000] Using files from context: [/workspace/source/bin] 
[36mINFO[0m[0000] Skipping unpacking as no commands require it. 
[36mINFO[0m[0000] Taking snapshot of full filesystem...        
[36mINFO[0m[0000] EXPOSE 8080                                  
[36mINFO[0m[0000] cmd: EXPOSE                                  
[36mINFO[0m[0000] Adding exposed port: 8080/tcp                
[36mINFO[0m[0000] No files changed in this command, skipping snapshotting. 
[36mINFO[0m[0000] ENTRYPOINT ["/go-demo-6"]                    
[36mINFO[0m[0000] No files changed in this command, skipping snapshotting. 
[36mINFO[0m[0000] Using files from context: [/workspace/source/bin] 
[36mINFO[0m[0000] COPY ./bin/ /                                
[36mINFO[0m[0000] Taking snapshot of files...                  
2020/03/25 17:50:40 pushed blob: sha256:745cf7df3cc6a7d519329e43c8a8311bb74c7de519dea36a1056e366261fa77e
2020/03/25 17:50:41 pushed blob: sha256:e8f5da61c4ac384e55017307beb8eaead5b8d9a3aef942226a661f77f24bd450
2020/03/25 17:50:41 071206315291.dkr.ecr.eu-west-1.amazonaws.com/digitalorigin/go-demo-6:2.0.3: digest: sha256:01eb06a2423e11d4baee99ceb4df4b4b30417d440918b35be6ace1e45a46c8aa size: 428

Showing logs for build [32mdigitalorigin-go-demo-6-master-5ldk5-2[0m stage [32mfrom-build-pack[0m and container [32mstep-build-post-build[0m
no CVE provider running in the current ** namespace so skip adding image to be analysed

Showing logs for build [32mdigitalorigin-go-demo-6-master-5ldk5-2[0m stage [32mfrom-build-pack[0m and container [32mstep-promote-changelog[0m
Converted /workspace/source/charts/go-demo-6 to an unshallow repository
Generating change log from git ref c6ffc9698aca45299a0b4d9e18ed3ae24a755d07 => 2f1c8d2f3bdcd8beee3a0edd0829dbd847dd87f1
WARNING: Failed to enrich commit 1e8d7164ddb29c87cb3996475477c195d1aee3b2 with issues: users.jenkins.io "x-0" already exists
WARNING: Failed to enrich commit 1e8d7164ddb29c87cb3996475477c195d1aee3b2 with issues: users.jenkins.io "x-0" already exists
Finding issues in commit messages using git format
WARNING: No release found for digitalorigin/go-demo-6 and tag v2.0.3 so creating a new release
Updated the release information at https://github.com/digitalorigin/go-demo-6/releases/tag/v2.0.3
generated: /workspace/source/charts/go-demo-6/templates/release.yaml
Created Release go-demo-6-2-0-3 resource in namespace **
Updating PipelineActivity digitalorigin-go-demo-6-master-2 with version 2.0.3
Updated PipelineActivities digitalorigin-go-demo-6-master-2 with release notes URL: https://github.com/digitalorigin/go-demo-6/releases/tag/v2.0.3

Showing logs for build [32mdigitalorigin-go-demo-6-master-5ldk5-2[0m stage [32mfrom-build-pack[0m and container [32mstep-promote-helm-release[0m
WARNING: No $CHART_REPOSITORY defined so using the default value of: http://jenkins-x-chartmuseum:8080
Adding missing Helm repo: storage.googleapis.com https://storage.googleapis.com/chartmuseum.jenkins-x.io
Successfully added Helm repository storage.googleapis.com.
Adding missing Helm repo: jenkins-x-chartmuseum http://jenkins-x-chartmuseum:8080
Successfully added Helm repository jenkins-x-chartmuseum.
error: failed to build dependencies for chart from directory '.': failed to add chart repositories: failed to load the Helm requirements file: error converting YAML to JSON: yaml: line 2: did not find expected '-' indicator
[31m
Pipeline failed on stage 'from-build-pack' : container 'step-promote-helm-release'. The execution of the pipeline has stopped.[0m
